<?xml version="1.0" encoding="UTF-8"?>
<!-- Generated by org.testng.reporters.JUnitReportReporter -->
<testsuite hostname="HPPavilion" name="testngtests2.MultipleTestNG" tests="3" failures="0" timestamp="10 Jun 2019 19:21:49 GMT" time="0.008" errors="0">
  <testcase name="appClose" time="0.003" classname="testngtests2.MultipleTestNG"/>
  <testcase name="appLaunch" time="0.003" classname="testngtests2.MultipleTestNG"/>
  <testcase name="appLogin" time="0.002" classname="testngtests2.MultipleTestNG"/>
</testsuite> <!-- testngtests2.MultipleTestNG -->
