<?xml version="1.0" encoding="UTF-8"?>
<!-- Generated by org.testng.reporters.JUnitReportReporter -->
<testsuite hostname="HPPavilion" name="testngtests2.branchCreation" tests="1" failures="0" timestamp="12 Jun 2019 13:55:16 GMT" time="19.043" errors="0">
  <testcase name="branchcreation" time="19.043" classname="testngtests2.branchCreation"/>
</testsuite> <!-- testngtests2.branchCreation -->
