<?xml version="1.0" encoding="UTF-8"?>
<!-- Generated by org.testng.reporters.JUnitReportReporter -->
<testsuite hostname="HPPavilion" name="testngtests2.FirstTestNG" tests="1" failures="0" timestamp="10 Jun 2019 19:21:49 GMT" time="0.006" errors="0">
  <testcase name="Sample" time="0.006" classname="testngtests2.FirstTestNG"/>
</testsuite> <!-- testngtests2.FirstTestNG -->
