<?xml version="1.0" encoding="UTF-8"?>
<!-- Generated by org.testng.reporters.JUnitReportReporter -->
<testsuite hostname="HPPavilion" name="testngtests2.BranchUpdation" tests="1" failures="0" timestamp="12 Jun 2019 13:55:16 GMT" time="0.004" errors="0">
  <testcase name="branchUpdation" time="0.004" classname="testngtests2.BranchUpdation"/>
</testsuite> <!-- testngtests2.BranchUpdation -->
