<?xml version="1.0" encoding="UTF-8"?>
<!-- Generated by org.testng.reporters.JUnitReportReporter -->
<testsuite hostname="HPPavilion" name="testngtests2.WebTablesTest" tests="1" failures="0" timestamp="17 Jun 2019 17:08:27 GMT" time="22.427" errors="0">
  <testcase name="webTable" time="22.427" classname="testngtests2.WebTablesTest"/>
</testsuite> <!-- testngtests2.WebTablesTest -->
