<?xml version="1.0" encoding="UTF-8"?>
<!-- Generated by org.testng.reporters.JUnitReportReporter -->
<testsuite hostname="HPPavilion" name="testngtests2.ValidatioTest" tests="1" failures="0" timestamp="12 Jun 2019 14:09:40 GMT" time="0.029" errors="0">
  <testcase name="validation" time="0.029" classname="testngtests2.ValidatioTest"/>
</testsuite> <!-- testngtests2.ValidatioTest -->
