<?xml version="1.0" encoding="UTF-8"?>
<!-- Generated by org.testng.reporters.JUnitReportReporter -->
<testsuite hostname="HPPavilion" name="testngtests2.AnnotationsTest" tests="2" failures="0" timestamp="10 Jun 2019 19:21:49 GMT" time="0.018" errors="0">
  <testcase name="method2" time="0.009" classname="testngtests2.AnnotationsTest"/>
  <testcase name="method1" time="0.009" classname="testngtests2.AnnotationsTest"/>
</testsuite> <!-- testngtests2.AnnotationsTest -->
