<?xml version="1.0" encoding="UTF-8"?>
<!-- Generated by org.testng.reporters.JUnitReportReporter -->
<testsuite hostname="HPPavilion" name="testngtests2.BeforeTestandfterTest" tests="1" failures="0" timestamp="12 Jun 2019 14:23:39 GMT" time="1.524" errors="0">
  <testcase name="appLogin" time="1.524" classname="testngtests2.BeforeTestandfterTest"/>
</testsuite> <!-- testngtests2.BeforeTestandfterTest -->
